Using pre-set license
Built from '2020.3/staging' branch; Version is '2020.3.4f1 (0abb6314276a) revision 703331'; Using compiler version '192528614'; Build Type 'Release'
OS: 'Windows 10 Pro; OS build 19042.928; Version 2009; 64bit' Language: 'en' Physical Memory: 16321 MB
BatchMode: 1, IsHumanControllingUs: 0, StartBugReporterOnCrash: 0, Is64bit: 1, IsPro: 0

 COMMAND LINE ARGUMENTS:
G:\Unity\2020.3.4f1\Editor\Unity.exe
-adb2
-batchMode
-noUpm
-name
AssetImportWorker0
-projectPath
G:/UnityProject/UnityTests/GGI_Demo
-logFile
Logs/AssetImportWorker0.log
-srvPort
60524
Successfully changed project path to: G:/UnityProject/UnityTests/GGI_Demo
G:/UnityProject/UnityTests/GGI_Demo
Using Asset Import Pipeline V2.
Refreshing native plugins compatible for Editor in 24.68 ms, found 0 plugins.
Preloading 0 native plugins for Editor in 0.00 ms.
Initialize engine version: 2020.3.4f1 (0abb6314276a)
[Subsystems] Discovering subsystems at path G:/Unity/2020.3.4f1/Editor/Data/Resources/UnitySubsystems
[Subsystems] Discovering subsystems at path G:/UnityProject/UnityTests/GGI_Demo/Assets
GfxDevice: creating device client; threaded=0
Direct3D:
    Version:  Direct3D 11.0 [level 11.1]
    Renderer: NVIDIA GeForce GTX 1070 (ID=0x1b81)
    Vendor:   
    VRAM:     8088 MB
    Driver:   27.21.14.6140
Initialize mono
Mono path[0] = 'G:/Unity/2020.3.4f1/Editor/Data/Managed'
Mono path[1] = 'G:/Unity/2020.3.4f1/Editor/Data/MonoBleedingEdge/lib/mono/unityjit'
Mono config path = 'G:/Unity/2020.3.4f1/Editor/Data/MonoBleedingEdge/etc'
Using monoOptions --debugger-agent=transport=dt_socket,embedding=1,server=y,suspend=n,address=127.0.0.1:56172
Begin MonoManager ReloadAssembly
Registering precompiled unity dll's ...
Register platform support module: G:/Unity/2020.3.4f1/Editor/Data/PlaybackEngines/WindowsStandaloneSupport/UnityEditor.WindowsStandalone.Extensions.dll
Registered in 0.006494 seconds.
Native extension for WindowsStandalone target not found
Refreshing native plugins compatible for Editor in 24.08 ms, found 0 plugins.
Preloading 0 native plugins for Editor in 0.00 ms.
Mono: successfully reloaded assembly
- Completed reload, in  1.421 seconds
Platform modules already initialized, skipping
Registering precompiled user dll's ...
Registered in 0.001803 seconds.
Begin MonoManager ReloadAssembly
Native extension for WindowsStandalone target not found
Refreshing native plugins compatible for Editor in 0.25 ms, found 0 plugins.
Preloading 0 native plugins for Editor in 0.00 ms.
Mono: successfully reloaded assembly
- Completed reload, in  1.002 seconds
Platform modules already initialized, skipping
========================================================================
Worker process is ready to serve import requests
Launched and connected shader compiler UnityShaderCompiler.exe after 0.04 seconds
Refreshing native plugins compatible for Editor in 0.22 ms, found 0 plugins.
Preloading 0 native plugins for Editor in 0.00 ms.
Unloading 1144 Unused Serialized files (Serialized files now loaded: 0)
System memory in use before: 60.1 MB.
System memory in use after: 60.1 MB.

Unloading 10 unused Assets to reduce memory usage. Loaded Objects now: 1589.
Total: 1.961900 ms (FindLiveObjects: 0.123500 ms CreateObjectMapping: 0.036200 ms MarkObjects: 1.711300 ms  DeleteObjects: 0.090400 ms)

========================================================================
Received Import Request.
  path: Assets/AnimatorController/IGGMSM/IGGMStateMachine.controller
  artifactKey: Guid(92c2e4900fbe37c4a95f161b959757d6) Importer(815301076,1909f56bfc062723c751e8b465ee728b)
Start importing Assets/AnimatorController/IGGMSM/IGGMStateMachine.controller using Guid(92c2e4900fbe37c4a95f161b959757d6) Importer(815301076,1909f56bfc062723c751e8b465ee728b)  -> (artifact id: '61fc52731e1f46149348cec74c736bce') in 0.055637 seconds
  Import took 0.062723 seconds .

========================================================================
Received Import Request.
  Time since last request: 49.805789 seconds.
  path: Assets/AnimatorController/IGGMSM/IGGMBehavious/IGGM_Calling.cs
  artifactKey: Guid(bd01f3eb0e8cbcf409ad07da48f386a2) Importer(815301076,1909f56bfc062723c751e8b465ee728b)
Start importing Assets/AnimatorController/IGGMSM/IGGMBehavious/IGGM_Calling.cs using Guid(bd01f3eb0e8cbcf409ad07da48f386a2) Importer(815301076,1909f56bfc062723c751e8b465ee728b)  -> (artifact id: 'c9fac4d9cc856ed7a97a3e8d42c0204b') in 0.013094 seconds
  Import took 0.015178 seconds .

========================================================================
Received Import Request.
  Time since last request: 2.884026 seconds.
  path: Assets/AnimatorController/IGGMSM/IGGMBehavious/IGGM_Calling1.cs
  artifactKey: Guid(86194331cccdf034d9de1a3052bb144d) Importer(815301076,1909f56bfc062723c751e8b465ee728b)
Start importing Assets/AnimatorController/IGGMSM/IGGMBehavious/IGGM_Calling1.cs using Guid(86194331cccdf034d9de1a3052bb144d) Importer(815301076,1909f56bfc062723c751e8b465ee728b)  -> (artifact id: '0936204dfa886a205d4f9da48bbc5ca8') in 0.007639 seconds
  Import took 0.010873 seconds .

========================================================================
Received Import Request.
  Time since last request: 13.907074 seconds.
  path: Assets/AnimatorController/IGGMSM/IGGMBehavious/IGGM_CallingToCChestTrans.cs
  artifactKey: Guid(86194331cccdf034d9de1a3052bb144d) Importer(815301076,1909f56bfc062723c751e8b465ee728b)
Start importing Assets/AnimatorController/IGGMSM/IGGMBehavious/IGGM_CallingToCChestTrans.cs using Guid(86194331cccdf034d9de1a3052bb144d) Importer(815301076,1909f56bfc062723c751e8b465ee728b)  -> (artifact id: 'ac6b7de1ae0bfe9365ce56998a5262a6') in 0.009069 seconds
  Import took 0.012427 seconds .

========================================================================
Received Import Request.
  Time since last request: 27.131007 seconds.
  path: Assets/AnimatorController/IGGMSM/IGGMBehavious/IGGM_CallingToCChestTrans.cs
  artifactKey: Guid(86194331cccdf034d9de1a3052bb144d) Importer(815301076,1909f56bfc062723c751e8b465ee728b)
Start importing Assets/AnimatorController/IGGMSM/IGGMBehavious/IGGM_CallingToCChestTrans.cs using Guid(86194331cccdf034d9de1a3052bb144d) Importer(815301076,1909f56bfc062723c751e8b465ee728b)  -> (artifact id: 'f709454a1adbcf505f07072525a27ee9') in 0.030781 seconds
  Import took 0.038918 seconds .

========================================================================
Received Prepare
Registering precompiled user dll's ...
Registered in 0.002282 seconds.
Begin MonoManager ReloadAssembly
Native extension for WindowsStandalone target not found
Refreshing native plugins compatible for Editor in 0.33 ms, found 0 plugins.
Preloading 0 native plugins for Editor in 0.00 ms.
Mono: successfully reloaded assembly
- Completed reload, in  0.973 seconds
Platform modules already initialized, skipping
Refreshing native plugins compatible for Editor in 0.40 ms, found 0 plugins.
Preloading 0 native plugins for Editor in 0.00 ms.
Unloading 1127 Unused Serialized files (Serialized files now loaded: 0)
System memory in use before: 58.8 MB.
System memory in use after: 58.8 MB.

Unloading 5 unused Assets to reduce memory usage. Loaded Objects now: 1593.
Total: 2.071600 ms (FindLiveObjects: 0.147200 ms CreateObjectMapping: 0.069600 ms MarkObjects: 1.787100 ms  DeleteObjects: 0.066800 ms)

========================================================================
Received Prepare
Registering precompiled user dll's ...
Registered in 0.001898 seconds.
Begin MonoManager ReloadAssembly
Native extension for WindowsStandalone target not found
Refreshing native plugins compatible for Editor in 0.24 ms, found 0 plugins.
Preloading 0 native plugins for Editor in 0.00 ms.
Mono: successfully reloaded assembly
- Completed reload, in  0.915 seconds
Platform modules already initialized, skipping
Refreshing native plugins compatible for Editor in 0.26 ms, found 0 plugins.
Preloading 0 native plugins for Editor in 0.00 ms.
Unloading 1127 Unused Serialized files (Serialized files now loaded: 0)
System memory in use before: 58.8 MB.
System memory in use after: 58.8 MB.

Unloading 5 unused Assets to reduce memory usage. Loaded Objects now: 1596.
Total: 2.841500 ms (FindLiveObjects: 0.143100 ms CreateObjectMapping: 0.038600 ms MarkObjects: 2.598800 ms  DeleteObjects: 0.060000 ms)

========================================================================
Received Import Request.
  Time since last request: 889.991676 seconds.
  path: Assets/AnimatorController/IGGMSM/IGGMStateMachine.controller
  artifactKey: Guid(92c2e4900fbe37c4a95f161b959757d6) Importer(815301076,1909f56bfc062723c751e8b465ee728b)
Start importing Assets/AnimatorController/IGGMSM/IGGMStateMachine.controller using Guid(92c2e4900fbe37c4a95f161b959757d6) Importer(815301076,1909f56bfc062723c751e8b465ee728b)  -> (artifact id: '32ca79c7df77710df10bf75f30fc8bd1') in 0.012769 seconds
  Import took 0.014938 seconds .

========================================================================
Received Import Request.
  Time since last request: 31.969750 seconds.
  path: Assets/AnimatorController/IGGMSM/IGGMBehavious/IGGM_CallingToCChestTrans.cs
  artifactKey: Guid(86194331cccdf034d9de1a3052bb144d) Importer(815301076,1909f56bfc062723c751e8b465ee728b)
Start importing Assets/AnimatorController/IGGMSM/IGGMBehavious/IGGM_CallingToCChestTrans.cs using Guid(86194331cccdf034d9de1a3052bb144d) Importer(815301076,1909f56bfc062723c751e8b465ee728b)  -> (artifact id: '1853d99160766a0991cba1f2047055d0') in 0.007796 seconds
  Import took 0.010021 seconds .

========================================================================
Received Import Request.
  Time since last request: 0.025812 seconds.
  path: Assets/AnimatorController/IGGMSM/IGGMBehavious/IGGM_CallingToCChestTrans.cs
  artifactKey: Guid(86194331cccdf034d9de1a3052bb144d) Importer(815301076,1909f56bfc062723c751e8b465ee728b)
Start importing Assets/AnimatorController/IGGMSM/IGGMBehavious/IGGM_CallingToCChestTrans.cs using Guid(86194331cccdf034d9de1a3052bb144d) Importer(815301076,1909f56bfc062723c751e8b465ee728b)  -> (artifact id: '1853d99160766a0991cba1f2047055d0') in 0.003645 seconds
  Import took 0.006115 seconds .

========================================================================
Received Import Request.
  Time since last request: 2.492708 seconds.
  path: Assets/AnimatorController/IGGMSM/IGGMBehavious/IGGM_CallingToCChestTrans1.cs
  artifactKey: Guid(55b2e2289c4c1b84e8014a9fe1b6c255) Importer(815301076,1909f56bfc062723c751e8b465ee728b)
Start importing Assets/AnimatorController/IGGMSM/IGGMBehavious/IGGM_CallingToCChestTrans1.cs using Guid(55b2e2289c4c1b84e8014a9fe1b6c255) Importer(815301076,1909f56bfc062723c751e8b465ee728b)  -> (artifact id: 'dc475dbc9c62b86f2b17037db1a4f74a') in 0.009949 seconds
  Import took 0.012338 seconds .

========================================================================
Received Import Request.
  Time since last request: 11.758451 seconds.
  path: Assets/AnimatorController/IGGMSM/IGGMBehavious/IGGM_ChooseChest.cs
  artifactKey: Guid(55b2e2289c4c1b84e8014a9fe1b6c255) Importer(815301076,1909f56bfc062723c751e8b465ee728b)
Start importing Assets/AnimatorController/IGGMSM/IGGMBehavious/IGGM_ChooseChest.cs using Guid(55b2e2289c4c1b84e8014a9fe1b6c255) Importer(815301076,1909f56bfc062723c751e8b465ee728b)  -> (artifact id: '237772e02bdc12287dfadd4d5935e3df') in 0.011198 seconds
  Import took 0.014440 seconds .

========================================================================
Received Import Request.
  Time since last request: 1228.770399 seconds.
  path: Assets/AnimatorController/IGGMSM/IGGMBehavious/IGGM_ChooseChest.cs
  artifactKey: Guid(55b2e2289c4c1b84e8014a9fe1b6c255) Importer(815301076,1909f56bfc062723c751e8b465ee728b)
Start importing Assets/AnimatorController/IGGMSM/IGGMBehavious/IGGM_ChooseChest.cs using Guid(55b2e2289c4c1b84e8014a9fe1b6c255) Importer(815301076,1909f56bfc062723c751e8b465ee728b)  -> (artifact id: 'f0ae86ba2edf8e890b8b2282f7c7058d') in 0.004763 seconds
  Import took 0.008350 seconds .

========================================================================
Received Prepare
Registering precompiled user dll's ...
Registered in 0.001317 seconds.
Begin MonoManager ReloadAssembly
Native extension for WindowsStandalone target not found
Refreshing native plugins compatible for Editor in 0.25 ms, found 0 plugins.
Preloading 0 native plugins for Editor in 0.00 ms.
Mono: successfully reloaded assembly
- Completed reload, in  0.920 seconds
Platform modules already initialized, skipping
Refreshing native plugins compatible for Editor in 0.34 ms, found 0 plugins.
Preloading 0 native plugins for Editor in 0.00 ms.
Unloading 1128 Unused Serialized files (Serialized files now loaded: 0)
System memory in use before: 58.8 MB.
System memory in use after: 58.9 MB.

Unloading 5 unused Assets to reduce memory usage. Loaded Objects now: 1600.
Total: 2.803700 ms (FindLiveObjects: 0.191800 ms CreateObjectMapping: 0.098400 ms MarkObjects: 2.430800 ms  DeleteObjects: 0.081100 ms)

========================================================================
Received Import Request.
  Time since last request: 888.671366 seconds.
  path: Assets/Scripts/MouseRayCast.cs
  artifactKey: Guid(b754c3d8c754f2f40a3b61bf427db3f5) Importer(815301076,1909f56bfc062723c751e8b465ee728b)
Start importing Assets/Scripts/MouseRayCast.cs using Guid(b754c3d8c754f2f40a3b61bf427db3f5) Importer(815301076,1909f56bfc062723c751e8b465ee728b)  -> (artifact id: 'c1de8f8e8b57d5f1a01339fb7861ecb1') in 0.014539 seconds
  Import took 0.018980 seconds .

========================================================================
Received Prepare
Registering precompiled user dll's ...
Registered in 0.001202 seconds.
Begin MonoManager ReloadAssembly
Native extension for WindowsStandalone target not found
Refreshing native plugins compatible for Editor in 0.27 ms, found 0 plugins.
Preloading 0 native plugins for Editor in 0.00 ms.
Mono: successfully reloaded assembly
- Completed reload, in  1.081 seconds
Platform modules already initialized, skipping
Refreshing native plugins compatible for Editor in 0.22 ms, found 0 plugins.
Preloading 0 native plugins for Editor in 0.00 ms.
Unloading 1129 Unused Serialized files (Serialized files now loaded: 0)
System memory in use before: 58.8 MB.
System memory in use after: 58.9 MB.

Unloading 5 unused Assets to reduce memory usage. Loaded Objects now: 1604.
Total: 2.098900 ms (FindLiveObjects: 0.126100 ms CreateObjectMapping: 0.034600 ms MarkObjects: 1.875200 ms  DeleteObjects: 0.061800 ms)

========================================================================
Received Prepare
Registering precompiled user dll's ...
Registered in 0.001208 seconds.
Begin MonoManager ReloadAssembly
Native extension for WindowsStandalone target not found
Refreshing native plugins compatible for Editor in 0.29 ms, found 0 plugins.
Preloading 0 native plugins for Editor in 0.00 ms.
Mono: successfully reloaded assembly
- Completed reload, in  0.985 seconds
Platform modules already initialized, skipping
Refreshing native plugins compatible for Editor in 0.22 ms, found 0 plugins.
Preloading 0 native plugins for Editor in 0.00 ms.
Unloading 1129 Unused Serialized files (Serialized files now loaded: 0)
System memory in use before: 58.9 MB.
System memory in use after: 58.9 MB.

Unloading 5 unused Assets to reduce memory usage. Loaded Objects now: 1607.
Total: 1.707400 ms (FindLiveObjects: 0.157800 ms CreateObjectMapping: 0.036000 ms MarkObjects: 1.435300 ms  DeleteObjects: 0.077600 ms)

========================================================================
Received Import Request.
  Time since last request: 577.449925 seconds.
  path: Assets/Scripts/MouseRayCast.cs
  artifactKey: Guid(b754c3d8c754f2f40a3b61bf427db3f5) Importer(815301076,1909f56bfc062723c751e8b465ee728b)
Start importing Assets/Scripts/MouseRayCast.cs using Guid(b754c3d8c754f2f40a3b61bf427db3f5) Importer(815301076,1909f56bfc062723c751e8b465ee728b)  -> (artifact id: '453e85f55a383cce401f85ab7c782439') in 0.005503 seconds
  Import took 0.012301 seconds .

========================================================================
Received Prepare
Registering precompiled user dll's ...
Registered in 0.001192 seconds.
Begin MonoManager ReloadAssembly
Native extension for WindowsStandalone target not found
Refreshing native plugins compatible for Editor in 0.22 ms, found 0 plugins.
Preloading 0 native plugins for Editor in 0.00 ms.
Mono: successfully reloaded assembly
- Completed reload, in  0.920 seconds
Platform modules already initialized, skipping
Refreshing native plugins compatible for Editor in 0.24 ms, found 0 plugins.
Preloading 0 native plugins for Editor in 0.00 ms.
Unloading 1129 Unused Serialized files (Serialized files now loaded: 0)
System memory in use before: 58.9 MB.
System memory in use after: 58.9 MB.

Unloading 5 unused Assets to reduce memory usage. Loaded Objects now: 1610.
Total: 2.619300 ms (FindLiveObjects: 0.214100 ms CreateObjectMapping: 0.091000 ms MarkObjects: 2.265500 ms  DeleteObjects: 0.047900 ms)

========================================================================
Received Import Request.
  Time since last request: 280.858538 seconds.
  path: Assets/Scripts/MouseRayCast.cs
  artifactKey: Guid(b754c3d8c754f2f40a3b61bf427db3f5) Importer(815301076,1909f56bfc062723c751e8b465ee728b)
Start importing Assets/Scripts/MouseRayCast.cs using Guid(b754c3d8c754f2f40a3b61bf427db3f5) Importer(815301076,1909f56bfc062723c751e8b465ee728b)  -> (artifact id: '36b7150e5388cfce36aa7aaff145393c') in 0.008745 seconds
  Import took 0.015716 seconds .

========================================================================
Received Import Request.
  Time since last request: 36.381026 seconds.
  path: Assets/Prefabs/ChestGroup.prefab
  artifactKey: Guid(45f1b96bf425c064eb7bb363aef9a9dc) Importer(815301076,1909f56bfc062723c751e8b465ee728b)
Start importing Assets/Prefabs/ChestGroup.prefab using Guid(45f1b96bf425c064eb7bb363aef9a9dc) Importer(815301076,1909f56bfc062723c751e8b465ee728b)  -> (artifact id: 'de06b1b818857de642c18216de30a7ed') in 0.158129 seconds
  Import took 0.160965 seconds .

========================================================================
Received Import Request.
  Time since last request: 204.805016 seconds.
  path: ProjectSettings/TagManager.asset
  artifactKey: Guid(00000000000000003000000000000000) Importer(815301076,1909f56bfc062723c751e8b465ee728b)
Start importing ProjectSettings/TagManager.asset using Guid(00000000000000003000000000000000) Importer(815301076,1909f56bfc062723c751e8b465ee728b)  -> (artifact id: '5cdd425f01cf626211dd37e1af0dc49e') in 0.010860 seconds
  Import took 0.013461 seconds .

========================================================================
Received Prepare
Registering precompiled user dll's ...
Registered in 0.001826 seconds.
Begin MonoManager ReloadAssembly
Native extension for WindowsStandalone target not found
Refreshing native plugins compatible for Editor in 0.22 ms, found 0 plugins.
Preloading 0 native plugins for Editor in 0.00 ms.
Mono: successfully reloaded assembly
- Completed reload, in  0.927 seconds
Platform modules already initialized, skipping
Refreshing native plugins compatible for Editor in 0.22 ms, found 0 plugins.
Preloading 0 native plugins for Editor in 0.00 ms.
Unloading 1129 Unused Serialized files (Serialized files now loaded: 0)
System memory in use before: 75.6 MB.
System memory in use after: 75.6 MB.

Unloading 6 unused Assets to reduce memory usage. Loaded Objects now: 1621.
Total: 1.849900 ms (FindLiveObjects: 0.147000 ms CreateObjectMapping: 0.058100 ms MarkObjects: 1.592000 ms  DeleteObjects: 0.052200 ms)

========================================================================
Received Import Request.
  Time since last request: 289.526241 seconds.
  path: Assets/Scripts/NotMono/EC.cs
  artifactKey: Guid(706a081081271bd4db8b30eba6f8d665) Importer(815301076,1909f56bfc062723c751e8b465ee728b)
Start importing Assets/Scripts/NotMono/EC.cs using Guid(706a081081271bd4db8b30eba6f8d665) Importer(815301076,1909f56bfc062723c751e8b465ee728b)  -> (artifact id: 'cc08e668c4d1ed5c9d651a21184b92a7') in 0.014115 seconds
  Import took 0.017147 seconds .

========================================================================
Received Prepare
Registering precompiled user dll's ...
Registered in 0.001197 seconds.
Begin MonoManager ReloadAssembly
Native extension for WindowsStandalone target not found
Refreshing native plugins compatible for Editor in 0.40 ms, found 0 plugins.
Preloading 0 native plugins for Editor in 0.00 ms.
Mono: successfully reloaded assembly
- Completed reload, in  1.149 seconds
Platform modules already initialized, skipping
Refreshing native plugins compatible for Editor in 0.32 ms, found 0 plugins.
Preloading 0 native plugins for Editor in 0.00 ms.
Unloading 1130 Unused Serialized files (Serialized files now loaded: 0)
System memory in use before: 75.6 MB.
System memory in use after: 75.7 MB.

Unloading 5 unused Assets to reduce memory usage. Loaded Objects now: 1625.
Total: 2.043800 ms (FindLiveObjects: 0.298800 ms CreateObjectMapping: 0.158800 ms MarkObjects: 1.529800 ms  DeleteObjects: 0.055700 ms)

========================================================================
Received Prepare
Registering precompiled user dll's ...
Registered in 0.001652 seconds.
Begin MonoManager ReloadAssembly
Native extension for WindowsStandalone target not found
Refreshing native plugins compatible for Editor in 0.22 ms, found 0 plugins.
Preloading 0 native plugins for Editor in 0.00 ms.
Mono: successfully reloaded assembly
- Completed reload, in  0.930 seconds
Platform modules already initialized, skipping
Refreshing native plugins compatible for Editor in 0.21 ms, found 0 plugins.
Preloading 0 native plugins for Editor in 0.00 ms.
Unloading 1130 Unused Serialized files (Serialized files now loaded: 0)
System memory in use before: 75.6 MB.
System memory in use after: 75.7 MB.

Unloading 5 unused Assets to reduce memory usage. Loaded Objects now: 1628.
Total: 2.291600 ms (FindLiveObjects: 0.181100 ms CreateObjectMapping: 0.054200 ms MarkObjects: 1.967800 ms  DeleteObjects: 0.087700 ms)

========================================================================
Received Import Request.
  Time since last request: 1459.173673 seconds.
  path: Assets/Scripts/NotMono/EC.cs
  artifactKey: Guid(706a081081271bd4db8b30eba6f8d665) Importer(815301076,1909f56bfc062723c751e8b465ee728b)
Start importing Assets/Scripts/NotMono/EC.cs using Guid(706a081081271bd4db8b30eba6f8d665) Importer(815301076,1909f56bfc062723c751e8b465ee728b)  -> (artifact id: '56df8ca6ff4565e0ecd7b67a9d4a8a2b') in 0.005835 seconds
  Import took 0.013138 seconds .

========================================================================
Received Prepare
Registering precompiled user dll's ...
Registered in 0.001298 seconds.
Begin MonoManager ReloadAssembly
Native extension for WindowsStandalone target not found
Refreshing native plugins compatible for Editor in 0.21 ms, found 0 plugins.
Preloading 0 native plugins for Editor in 0.00 ms.
Mono: successfully reloaded assembly
- Completed reload, in  0.916 seconds
Platform modules already initialized, skipping
Refreshing native plugins compatible for Editor in 0.23 ms, found 0 plugins.
Preloading 0 native plugins for Editor in 0.00 ms.
Unloading 1130 Unused Serialized files (Serialized files now loaded: 0)
System memory in use before: 75.6 MB.
System memory in use after: 75.7 MB.

Unloading 5 unused Assets to reduce memory usage. Loaded Objects now: 1631.
Total: 2.999000 ms (FindLiveObjects: 0.588800 ms CreateObjectMapping: 0.060400 ms MarkObjects: 2.262200 ms  DeleteObjects: 0.086000 ms)

========================================================================
Received Import Request.
  Time since last request: 1329.462520 seconds.
  path: Assets/Prefabs/ChestGroup.prefab
  artifactKey: Guid(45f1b96bf425c064eb7bb363aef9a9dc) Importer(815301076,1909f56bfc062723c751e8b465ee728b)
Start importing Assets/Prefabs/ChestGroup.prefab using Guid(45f1b96bf425c064eb7bb363aef9a9dc) Importer(815301076,1909f56bfc062723c751e8b465ee728b)  -> (artifact id: '3de59a8434428a10893fc843f274527f') in 0.078865 seconds
  Import took 0.081267 seconds .

========================================================================
Received Import Request.
  Time since last request: 562.009258 seconds.
  path: Assets/Scripts/IGLoadingSystem.cs
  artifactKey: Guid(f014531853974524285b49c331685e5e) Importer(815301076,1909f56bfc062723c751e8b465ee728b)
Start importing Assets/Scripts/IGLoadingSystem.cs using Guid(f014531853974524285b49c331685e5e) Importer(815301076,1909f56bfc062723c751e8b465ee728b)  -> (artifact id: 'd4d4085f1d3c4202072153f4b3188f9a') in 0.011237 seconds
  Import took 0.015803 seconds .

========================================================================
Received Prepare
Registering precompiled user dll's ...
Registered in 0.001848 seconds.
Begin MonoManager ReloadAssembly
Native extension for WindowsStandalone target not found
Refreshing native plugins compatible for Editor in 0.21 ms, found 0 plugins.
Preloading 0 native plugins for Editor in 0.00 ms.
Mono: successfully reloaded assembly
- Completed reload, in  0.913 seconds
Platform modules already initialized, skipping
Refreshing native plugins compatible for Editor in 0.24 ms, found 0 plugins.
Preloading 0 native plugins for Editor in 0.00 ms.
Unloading 1131 Unused Serialized files (Serialized files now loaded: 0)
System memory in use before: 75.6 MB.
System memory in use after: 75.7 MB.

Unloading 5 unused Assets to reduce memory usage. Loaded Objects now: 1636.
Total: 1.585500 ms (FindLiveObjects: 0.113300 ms CreateObjectMapping: 0.033700 ms MarkObjects: 1.366600 ms  DeleteObjects: 0.071200 ms)

========================================================================
Received Prepare
Registering precompiled user dll's ...
Registered in 0.001328 seconds.
Begin MonoManager ReloadAssembly
Native extension for WindowsStandalone target not found
Refreshing native plugins compatible for Editor in 0.21 ms, found 0 plugins.
Preloading 0 native plugins for Editor in 0.00 ms.
Mono: successfully reloaded assembly
- Completed reload, in  0.916 seconds
Platform modules already initialized, skipping
Refreshing native plugins compatible for Editor in 0.21 ms, found 0 plugins.
Preloading 0 native plugins for Editor in 0.00 ms.
Unloading 1131 Unused Serialized files (Serialized files now loaded: 0)
System memory in use before: 75.6 MB.
System memory in use after: 75.7 MB.

Unloading 5 unused Assets to reduce memory usage. Loaded Objects now: 1639.
Total: 2.035300 ms (FindLiveObjects: 0.207100 ms CreateObjectMapping: 0.051500 ms MarkObjects: 1.692500 ms  DeleteObjects: 0.083200 ms)

========================================================================
Received Prepare
Registering precompiled user dll's ...
Registered in 0.001309 seconds.
Begin MonoManager ReloadAssembly
Native extension for WindowsStandalone target not found
Refreshing native plugins compatible for Editor in 0.22 ms, found 0 plugins.
Preloading 0 native plugins for Editor in 0.00 ms.
Mono: successfully reloaded assembly
- Completed reload, in  0.903 seconds
Platform modules already initialized, skipping
Refreshing native plugins compatible for Editor in 0.26 ms, found 0 plugins.
Preloading 0 native plugins for Editor in 0.00 ms.
Unloading 1131 Unused Serialized files (Serialized files now loaded: 0)
System memory in use before: 75.6 MB.
System memory in use after: 75.7 MB.

Unloading 5 unused Assets to reduce memory usage. Loaded Objects now: 1642.
Total: 1.716900 ms (FindLiveObjects: 0.159500 ms CreateObjectMapping: 0.034700 ms MarkObjects: 1.401800 ms  DeleteObjects: 0.120200 ms)

========================================================================
Received Import Request.
  Time since last request: 1065.702825 seconds.
  path: Assets/Prefabs/ChestGroup.prefab
  artifactKey: Guid(45f1b96bf425c064eb7bb363aef9a9dc) Importer(815301076,1909f56bfc062723c751e8b465ee728b)
Start importing Assets/Prefabs/ChestGroup.prefab using Guid(45f1b96bf425c064eb7bb363aef9a9dc) Importer(815301076,1909f56bfc062723c751e8b465ee728b)  -> (artifact id: 'e22e7a2bcb80b7329b0bb5ae18c4ce70') in 0.070041 seconds
  Import took 0.073048 seconds .

========================================================================
Received Prepare
Registering precompiled user dll's ...
Registered in 0.001385 seconds.
Begin MonoManager ReloadAssembly
Native extension for WindowsStandalone target not found
Refreshing native plugins compatible for Editor in 0.23 ms, found 0 plugins.
Preloading 0 native plugins for Editor in 0.00 ms.
Mono: successfully reloaded assembly
- Completed reload, in  0.954 seconds
Platform modules already initialized, skipping
Refreshing native plugins compatible for Editor in 0.22 ms, found 0 plugins.
Preloading 0 native plugins for Editor in 0.00 ms.
Unloading 1131 Unused Serialized files (Serialized files now loaded: 0)
System memory in use before: 75.6 MB.
System memory in use after: 75.7 MB.

Unloading 5 unused Assets to reduce memory usage. Loaded Objects now: 1646.
Total: 1.625400 ms (FindLiveObjects: 0.192900 ms CreateObjectMapping: 0.052600 ms MarkObjects: 1.328300 ms  DeleteObjects: 0.050600 ms)

========================================================================
Received Prepare
Registering precompiled user dll's ...
Registered in 0.001138 seconds.
Begin MonoManager ReloadAssembly
Native extension for WindowsStandalone target not found
Refreshing native plugins compatible for Editor in 0.22 ms, found 0 plugins.
Preloading 0 native plugins for Editor in 0.00 ms.
Mono: successfully reloaded assembly
- Completed reload, in  0.890 seconds
Platform modules already initialized, skipping
Refreshing native plugins compatible for Editor in 0.33 ms, found 0 plugins.
Preloading 0 native plugins for Editor in 0.00 ms.
Unloading 1131 Unused Serialized files (Serialized files now loaded: 0)
System memory in use before: 75.7 MB.
System memory in use after: 75.7 MB.

Unloading 5 unused Assets to reduce memory usage. Loaded Objects now: 1649.
Total: 1.568400 ms (FindLiveObjects: 0.166100 ms CreateObjectMapping: 0.039000 ms MarkObjects: 1.303100 ms  DeleteObjects: 0.059500 ms)

========================================================================
Received Prepare
Registering precompiled user dll's ...
Registered in 0.001238 seconds.
Begin MonoManager ReloadAssembly
Native extension for WindowsStandalone target not found
Refreshing native plugins compatible for Editor in 0.23 ms, found 0 plugins.
Preloading 0 native plugins for Editor in 0.00 ms.
Mono: successfully reloaded assembly
- Completed reload, in  0.933 seconds
Platform modules already initialized, skipping
Refreshing native plugins compatible for Editor in 0.29 ms, found 0 plugins.
Preloading 0 native plugins for Editor in 0.00 ms.
Unloading 1131 Unused Serialized files (Serialized files now loaded: 0)
System memory in use before: 75.7 MB.
System memory in use after: 75.7 MB.

Unloading 5 unused Assets to reduce memory usage. Loaded Objects now: 1652.
Total: 1.887700 ms (FindLiveObjects: 0.166300 ms CreateObjectMapping: 0.034500 ms MarkObjects: 1.569600 ms  DeleteObjects: 0.116400 ms)

========================================================================
Received Prepare
Registering precompiled user dll's ...
Registered in 0.001404 seconds.
Begin MonoManager ReloadAssembly
Native extension for WindowsStandalone target not found
Refreshing native plugins compatible for Editor in 0.27 ms, found 0 plugins.
Preloading 0 native plugins for Editor in 0.00 ms.
Mono: successfully reloaded assembly
- Completed reload, in  0.949 seconds
Platform modules already initialized, skipping
Refreshing native plugins compatible for Editor in 0.30 ms, found 0 plugins.
Preloading 0 native plugins for Editor in 0.00 ms.
Unloading 1131 Unused Serialized files (Serialized files now loaded: 0)
System memory in use before: 75.7 MB.
System memory in use after: 75.7 MB.

Unloading 5 unused Assets to reduce memory usage. Loaded Objects now: 1655.
Total: 1.786700 ms (FindLiveObjects: 0.204100 ms CreateObjectMapping: 0.047100 ms MarkObjects: 1.458900 ms  DeleteObjects: 0.075500 ms)

========================================================================
Received Prepare
Registering precompiled user dll's ...
Registered in 0.001198 seconds.
Begin MonoManager ReloadAssembly
Native extension for WindowsStandalone target not found
Refreshing native plugins compatible for Editor in 0.21 ms, found 0 plugins.
Preloading 0 native plugins for Editor in 0.00 ms.
Mono: successfully reloaded assembly
- Completed reload, in  0.875 seconds
Platform modules already initialized, skipping
Refreshing native plugins compatible for Editor in 0.29 ms, found 0 plugins.
Preloading 0 native plugins for Editor in 0.00 ms.
Unloading 1131 Unused Serialized files (Serialized files now loaded: 0)
System memory in use before: 75.7 MB.
System memory in use after: 75.7 MB.

Unloading 5 unused Assets to reduce memory usage. Loaded Objects now: 1658.
Total: 1.558600 ms (FindLiveObjects: 0.119000 ms CreateObjectMapping: 0.034900 ms MarkObjects: 1.347700 ms  DeleteObjects: 0.056400 ms)

========================================================================
Received Prepare
Registering precompiled user dll's ...
Registered in 0.001219 seconds.
Begin MonoManager ReloadAssembly
Native extension for WindowsStandalone target not found
Refreshing native plugins compatible for Editor in 0.22 ms, found 0 plugins.
Preloading 0 native plugins for Editor in 0.00 ms.
Mono: successfully reloaded assembly
- Completed reload, in  0.949 seconds
Platform modules already initialized, skipping
Refreshing native plugins compatible for Editor in 0.28 ms, found 0 plugins.
Preloading 0 native plugins for Editor in 0.00 ms.
Unloading 1131 Unused Serialized files (Serialized files now loaded: 0)
System memory in use before: 75.7 MB.
System memory in use after: 75.7 MB.

Unloading 5 unused Assets to reduce memory usage. Loaded Objects now: 1661.
Total: 2.851100 ms (FindLiveObjects: 0.319100 ms CreateObjectMapping: 0.134100 ms MarkObjects: 2.303300 ms  DeleteObjects: 0.093000 ms)

========================================================================
Received Prepare
Registering precompiled user dll's ...
Registered in 0.001486 seconds.
Begin MonoManager ReloadAssembly
Native extension for WindowsStandalone target not found
Refreshing native plugins compatible for Editor in 0.25 ms, found 0 plugins.
Preloading 0 native plugins for Editor in 0.00 ms.
Mono: successfully reloaded assembly
- Completed reload, in  0.924 seconds
Platform modules already initialized, skipping
Refreshing native plugins compatible for Editor in 0.24 ms, found 0 plugins.
Preloading 0 native plugins for Editor in 0.00 ms.
Unloading 1131 Unused Serialized files (Serialized files now loaded: 0)
System memory in use before: 75.7 MB.
System memory in use after: 75.7 MB.

Unloading 5 unused Assets to reduce memory usage. Loaded Objects now: 1664.
Total: 2.533800 ms (FindLiveObjects: 0.172600 ms CreateObjectMapping: 0.072400 ms MarkObjects: 2.174200 ms  DeleteObjects: 0.113600 ms)

========================================================================
Received Import Request.
  Time since last request: 629.439732 seconds.
  path: Assets/AnimatorController/IGGMSM/IGGMStateMachine.controller
  artifactKey: Guid(92c2e4900fbe37c4a95f161b959757d6) Importer(815301076,1909f56bfc062723c751e8b465ee728b)
Start importing Assets/AnimatorController/IGGMSM/IGGMStateMachine.controller using Guid(92c2e4900fbe37c4a95f161b959757d6) Importer(815301076,1909f56bfc062723c751e8b465ee728b)  -> (artifact id: '7d5e28d9fb3dd5a9c2cc884d504a8a13') in 0.016850 seconds
  Import took 0.024060 seconds .

========================================================================
Received Prepare
Registering precompiled user dll's ...
Registered in 0.001216 seconds.
Begin MonoManager ReloadAssembly
Native extension for WindowsStandalone target not found
Refreshing native plugins compatible for Editor in 0.29 ms, found 0 plugins.
Preloading 0 native plugins for Editor in 0.00 ms.
Mono: successfully reloaded assembly
- Completed reload, in  0.957 seconds
Platform modules already initialized, skipping
Refreshing native plugins compatible for Editor in 0.25 ms, found 0 plugins.
Preloading 0 native plugins for Editor in 0.00 ms.
Unloading 1131 Unused Serialized files (Serialized files now loaded: 0)
System memory in use before: 75.7 MB.
System memory in use after: 75.8 MB.

Unloading 5 unused Assets to reduce memory usage. Loaded Objects now: 1667.
Total: 1.908000 ms (FindLiveObjects: 0.158400 ms CreateObjectMapping: 0.034300 ms MarkObjects: 1.646900 ms  DeleteObjects: 0.067700 ms)

========================================================================
Received Prepare
Registering precompiled user dll's ...
Registered in 0.001468 seconds.
Begin MonoManager ReloadAssembly
Native extension for WindowsStandalone target not found
Refreshing native plugins compatible for Editor in 0.21 ms, found 0 plugins.
Preloading 0 native plugins for Editor in 0.00 ms.
Mono: successfully reloaded assembly
- Completed reload, in  0.904 seconds
Platform modules already initialized, skipping
Refreshing native plugins compatible for Editor in 0.21 ms, found 0 plugins.
Preloading 0 native plugins for Editor in 0.00 ms.
Unloading 1131 Unused Serialized files (Serialized files now loaded: 0)
System memory in use before: 75.7 MB.
System memory in use after: 75.8 MB.

Unloading 5 unused Assets to reduce memory usage. Loaded Objects now: 1670.
Total: 2.334300 ms (FindLiveObjects: 0.271000 ms CreateObjectMapping: 0.119300 ms MarkObjects: 1.874000 ms  DeleteObjects: 0.068400 ms)

========================================================================
Received Prepare
Registering precompiled user dll's ...
Registered in 0.001824 seconds.
Begin MonoManager ReloadAssembly
Native extension for WindowsStandalone target not found
Refreshing native plugins compatible for Editor in 0.26 ms, found 0 plugins.
Preloading 0 native plugins for Editor in 0.00 ms.
Mono: successfully reloaded assembly
- Completed reload, in  0.949 seconds
Platform modules already initialized, skipping
Refreshing native plugins compatible for Editor in 0.21 ms, found 0 plugins.
Preloading 0 native plugins for Editor in 0.00 ms.
Unloading 1131 Unused Serialized files (Serialized files now loaded: 0)
System memory in use before: 75.7 MB.
System memory in use after: 75.8 MB.

Unloading 5 unused Assets to reduce memory usage. Loaded Objects now: 1673.
Total: 1.966600 ms (FindLiveObjects: 0.202400 ms CreateObjectMapping: 0.034400 ms MarkObjects: 1.652300 ms  DeleteObjects: 0.076800 ms)

========================================================================
Received Prepare
Registering precompiled user dll's ...
Registered in 0.001221 seconds.
Begin MonoManager ReloadAssembly
Native extension for WindowsStandalone target not found
Refreshing native plugins compatible for Editor in 0.21 ms, found 0 plugins.
Preloading 0 native plugins for Editor in 0.00 ms.
Mono: successfully reloaded assembly
- Completed reload, in  0.875 seconds
Platform modules already initialized, skipping
Refreshing native plugins compatible for Editor in 0.22 ms, found 0 plugins.
Preloading 0 native plugins for Editor in 0.00 ms.
Unloading 1131 Unused Serialized files (Serialized files now loaded: 0)
System memory in use before: 75.7 MB.
System memory in use after: 75.8 MB.

Unloading 5 unused Assets to reduce memory usage. Loaded Objects now: 1676.
Total: 1.833700 ms (FindLiveObjects: 0.147300 ms CreateObjectMapping: 0.036300 ms MarkObjects: 1.567700 ms  DeleteObjects: 0.081700 ms)

========================================================================
Received Prepare
Registering precompiled user dll's ...
Registered in 0.001340 seconds.
Begin MonoManager ReloadAssembly
Native extension for WindowsStandalone target not found
Refreshing native plugins compatible for Editor in 0.27 ms, found 0 plugins.
Preloading 0 native plugins for Editor in 0.00 ms.
Mono: successfully reloaded assembly
- Completed reload, in  0.930 seconds
Platform modules already initialized, skipping
Refreshing native plugins compatible for Editor in 0.22 ms, found 0 plugins.
Preloading 0 native plugins for Editor in 0.00 ms.
Unloading 1131 Unused Serialized files (Serialized files now loaded: 0)
System memory in use before: 75.7 MB.
System memory in use after: 75.8 MB.

Unloading 5 unused Assets to reduce memory usage. Loaded Objects now: 1679.
Total: 2.156100 ms (FindLiveObjects: 0.182600 ms CreateObjectMapping: 0.090400 ms MarkObjects: 1.804000 ms  DeleteObjects: 0.078300 ms)

========================================================================
Received Import Request.
  Time since last request: 328.618201 seconds.
  path: Assets/Prefabs/ChestGroup.prefab
  artifactKey: Guid(45f1b96bf425c064eb7bb363aef9a9dc) Importer(815301076,1909f56bfc062723c751e8b465ee728b)
Start importing Assets/Prefabs/ChestGroup.prefab using Guid(45f1b96bf425c064eb7bb363aef9a9dc) Importer(815301076,1909f56bfc062723c751e8b465ee728b)  -> (artifact id: 'bfa36b2d283a64c6b2a4f43462977915') in 0.069088 seconds
  Import took 0.071790 seconds .

========================================================================
Received Prepare
Registering precompiled user dll's ...
Registered in 0.001274 seconds.
Begin MonoManager ReloadAssembly
Native extension for WindowsStandalone target not found
Refreshing native plugins compatible for Editor in 0.24 ms, found 0 plugins.
Preloading 0 native plugins for Editor in 0.00 ms.
Mono: successfully reloaded assembly
- Completed reload, in  0.923 seconds
Platform modules already initialized, skipping
Refreshing native plugins compatible for Editor in 0.21 ms, found 0 plugins.
Preloading 0 native plugins for Editor in 0.00 ms.
Unloading 1131 Unused Serialized files (Serialized files now loaded: 0)
System memory in use before: 75.7 MB.
System memory in use after: 75.8 MB.

Unloading 5 unused Assets to reduce memory usage. Loaded Objects now: 1683.
Total: 1.802700 ms (FindLiveObjects: 0.141100 ms CreateObjectMapping: 0.059100 ms MarkObjects: 1.505100 ms  DeleteObjects: 0.096700 ms)

========================================================================
Received Prepare
Registering precompiled user dll's ...
Registered in 0.001653 seconds.
Begin MonoManager ReloadAssembly
Native extension for WindowsStandalone target not found
Refreshing native plugins compatible for Editor in 0.35 ms, found 0 plugins.
Preloading 0 native plugins for Editor in 0.00 ms.
Mono: successfully reloaded assembly
- Completed reload, in  0.919 seconds
Platform modules already initialized, skipping
Refreshing native plugins compatible for Editor in 0.37 ms, found 0 plugins.
Preloading 0 native plugins for Editor in 0.00 ms.
Unloading 1131 Unused Serialized files (Serialized files now loaded: 0)
System memory in use before: 75.7 MB.
System memory in use after: 75.8 MB.

Unloading 5 unused Assets to reduce memory usage. Loaded Objects now: 1686.
Total: 2.033000 ms (FindLiveObjects: 0.197100 ms CreateObjectMapping: 0.072300 ms MarkObjects: 1.680900 ms  DeleteObjects: 0.081700 ms)

========================================================================
Received Prepare
Registering precompiled user dll's ...
Registered in 0.001472 seconds.
Begin MonoManager ReloadAssembly
Native extension for WindowsStandalone target not found
Refreshing native plugins compatible for Editor in 0.22 ms, found 0 plugins.
Preloading 0 native plugins for Editor in 0.00 ms.
Mono: successfully reloaded assembly
- Completed reload, in  0.921 seconds
Platform modules already initialized, skipping
Refreshing native plugins compatible for Editor in 0.21 ms, found 0 plugins.
Preloading 0 native plugins for Editor in 0.00 ms.
Unloading 1131 Unused Serialized files (Serialized files now loaded: 0)
System memory in use before: 75.7 MB.
System memory in use after: 75.8 MB.

Unloading 5 unused Assets to reduce memory usage. Loaded Objects now: 1689.
Total: 2.391300 ms (FindLiveObjects: 0.176600 ms CreateObjectMapping: 0.035500 ms MarkObjects: 2.115100 ms  DeleteObjects: 0.062900 ms)

========================================================================
Received Prepare
Registering precompiled user dll's ...
Registered in 0.001156 seconds.
Begin MonoManager ReloadAssembly
Native extension for WindowsStandalone target not found
Refreshing native plugins compatible for Editor in 0.21 ms, found 0 plugins.
Preloading 0 native plugins for Editor in 0.00 ms.
Mono: successfully reloaded assembly
- Completed reload, in  0.884 seconds
Platform modules already initialized, skipping
Refreshing native plugins compatible for Editor in 0.26 ms, found 0 plugins.
Preloading 0 native plugins for Editor in 0.00 ms.
Unloading 1131 Unused Serialized files (Serialized files now loaded: 0)
System memory in use before: 75.7 MB.
System memory in use after: 75.8 MB.

Unloading 5 unused Assets to reduce memory usage. Loaded Objects now: 1692.
Total: 2.025600 ms (FindLiveObjects: 0.227500 ms CreateObjectMapping: 0.069300 ms MarkObjects: 1.642500 ms  DeleteObjects: 0.084900 ms)

========================================================================
Received Prepare
Registering precompiled user dll's ...
Registered in 0.001471 seconds.
Begin MonoManager ReloadAssembly
Native extension for WindowsStandalone target not found
Refreshing native plugins compatible for Editor in 0.25 ms, found 0 plugins.
Preloading 0 native plugins for Editor in 0.00 ms.
Mono: successfully reloaded assembly
- Completed reload, in  0.922 seconds
Platform modules already initialized, skipping
Refreshing native plugins compatible for Editor in 0.25 ms, found 0 plugins.
Preloading 0 native plugins for Editor in 0.00 ms.
Unloading 1131 Unused Serialized files (Serialized files now loaded: 0)
System memory in use before: 75.7 MB.
System memory in use after: 75.8 MB.

Unloading 5 unused Assets to reduce memory usage. Loaded Objects now: 1695.
Total: 1.562600 ms (FindLiveObjects: 0.158900 ms CreateObjectMapping: 0.036500 ms MarkObjects: 1.313500 ms  DeleteObjects: 0.052700 ms)

========================================================================
Received Prepare
Registering precompiled user dll's ...
Registered in 0.001870 seconds.
Begin MonoManager ReloadAssembly
Native extension for WindowsStandalone target not found
Refreshing native plugins compatible for Editor in 0.21 ms, found 0 plugins.
Preloading 0 native plugins for Editor in 0.00 ms.
Mono: successfully reloaded assembly
- Completed reload, in  0.917 seconds
Platform modules already initialized, skipping
Refreshing native plugins compatible for Editor in 0.24 ms, found 0 plugins.
Preloading 0 native plugins for Editor in 0.00 ms.
Unloading 1131 Unused Serialized files (Serialized files now loaded: 0)
System memory in use before: 75.7 MB.
System memory in use after: 75.8 MB.

Unloading 5 unused Assets to reduce memory usage. Loaded Objects now: 1698.
Total: 1.829500 ms (FindLiveObjects: 0.145700 ms CreateObjectMapping: 0.035200 ms MarkObjects: 1.583000 ms  DeleteObjects: 0.064900 ms)

========================================================================
Received Prepare
Registering precompiled user dll's ...
Registered in 0.001226 seconds.
Begin MonoManager ReloadAssembly
Native extension for WindowsStandalone target not found
Refreshing native plugins compatible for Editor in 0.21 ms, found 0 plugins.
Preloading 0 native plugins for Editor in 0.00 ms.
Mono: successfully reloaded assembly
- Completed reload, in  0.888 seconds
Platform modules already initialized, skipping
Refreshing native plugins compatible for Editor in 0.22 ms, found 0 plugins.
Preloading 0 native plugins for Editor in 0.00 ms.
Unloading 1131 Unused Serialized files (Serialized files now loaded: 0)
System memory in use before: 75.8 MB.
System memory in use after: 75.8 MB.

Unloading 5 unused Assets to reduce memory usage. Loaded Objects now: 1701.
Total: 2.959100 ms (FindLiveObjects: 0.226300 ms CreateObjectMapping: 0.109900 ms MarkObjects: 2.549500 ms  DeleteObjects: 0.072200 ms)

========================================================================
Received Prepare
Registering precompiled user dll's ...
Registered in 0.001206 seconds.
Begin MonoManager ReloadAssembly
Native extension for WindowsStandalone target not found
Refreshing native plugins compatible for Editor in 0.21 ms, found 0 plugins.
Preloading 0 native plugins for Editor in 0.00 ms.
Mono: successfully reloaded assembly
- Completed reload, in  0.904 seconds
Platform modules already initialized, skipping
Refreshing native plugins compatible for Editor in 0.21 ms, found 0 plugins.
Preloading 0 native plugins for Editor in 0.00 ms.
Unloading 1131 Unused Serialized files (Serialized files now loaded: 0)
System memory in use before: 75.8 MB.
System memory in use after: 75.8 MB.

Unloading 5 unused Assets to reduce memory usage. Loaded Objects now: 1704.
Total: 1.774400 ms (FindLiveObjects: 0.152400 ms CreateObjectMapping: 0.037800 ms MarkObjects: 1.503700 ms  DeleteObjects: 0.079700 ms)

========================================================================
Received Prepare
Registering precompiled user dll's ...
Registered in 0.001372 seconds.
Begin MonoManager ReloadAssembly
Native extension for WindowsStandalone target not found
Refreshing native plugins compatible for Editor in 0.23 ms, found 0 plugins.
Preloading 0 native plugins for Editor in 0.00 ms.
Mono: successfully reloaded assembly
- Completed reload, in  0.971 seconds
Platform modules already initialized, skipping
Refreshing native plugins compatible for Editor in 0.22 ms, found 0 plugins.
Preloading 0 native plugins for Editor in 0.00 ms.
Unloading 1131 Unused Serialized files (Serialized files now loaded: 0)
System memory in use before: 75.8 MB.
System memory in use after: 75.8 MB.

Unloading 5 unused Assets to reduce memory usage. Loaded Objects now: 1707.
Total: 1.753400 ms (FindLiveObjects: 0.127400 ms CreateObjectMapping: 0.034600 ms MarkObjects: 1.530700 ms  DeleteObjects: 0.059900 ms)

========================================================================
Received Import Request.
  Time since last request: 551.023931 seconds.
  path: Assets/TextMesh Pro/Resources/Fonts & Materials/LiberationSans SDF.asset
  artifactKey: Guid(8f586378b4e144a9851e7b34d9b748ee) Importer(815301076,1909f56bfc062723c751e8b465ee728b)
Start importing Assets/TextMesh Pro/Resources/Fonts & Materials/LiberationSans SDF.asset using Guid(8f586378b4e144a9851e7b34d9b748ee) Importer(815301076,1909f56bfc062723c751e8b465ee728b)  -> (artifact id: 'f6ac8bc84c5ea01543b63be3651ab6fa') in 0.125218 seconds
  Import took 0.127473 seconds .

========================================================================
Received Import Request.
  Time since last request: 131.140332 seconds.
  path: Assets/Scripts/ChestGroupTrigger.cs
  artifactKey: Guid(51567d22ab8dae544ac5afef25747e51) Importer(815301076,1909f56bfc062723c751e8b465ee728b)
Start importing Assets/Scripts/ChestGroupTrigger.cs using Guid(51567d22ab8dae544ac5afef25747e51) Importer(815301076,1909f56bfc062723c751e8b465ee728b)  -> (artifact id: 'ef130ff78322fc48be6025938bfd75f4') in 0.010907 seconds
  Import took 0.014165 seconds .

========================================================================
Received Prepare
Registering precompiled user dll's ...
Registered in 0.001746 seconds.
Begin MonoManager ReloadAssembly
Native extension for WindowsStandalone target not found
Refreshing native plugins compatible for Editor in 0.23 ms, found 0 plugins.
Preloading 0 native plugins for Editor in 0.00 ms.
Mono: successfully reloaded assembly
- Completed reload, in  1.066 seconds
Platform modules already initialized, skipping
Refreshing native plugins compatible for Editor in 0.22 ms, found 0 plugins.
Preloading 0 native plugins for Editor in 0.00 ms.
Unloading 1132 Unused Serialized files (Serialized files now loaded: 0)
System memory in use before: 76.0 MB.
System memory in use after: 76.1 MB.

Unloading 5 unused Assets to reduce memory usage. Loaded Objects now: 1747.
Total: 1.599700 ms (FindLiveObjects: 0.202500 ms CreateObjectMapping: 0.035300 ms MarkObjects: 1.307700 ms  DeleteObjects: 0.053400 ms)

========================================================================
Received Prepare
Registering precompiled user dll's ...
Registered in 0.001214 seconds.
Begin MonoManager ReloadAssembly
Native extension for WindowsStandalone target not found
Refreshing native plugins compatible for Editor in 0.24 ms, found 0 plugins.
Preloading 0 native plugins for Editor in 0.00 ms.
Mono: successfully reloaded assembly
- Completed reload, in  0.906 seconds
Platform modules already initialized, skipping
Refreshing native plugins compatible for Editor in 0.21 ms, found 0 plugins.
Preloading 0 native plugins for Editor in 0.00 ms.
Unloading 1132 Unused Serialized files (Serialized files now loaded: 0)
System memory in use before: 76.0 MB.
System memory in use after: 76.1 MB.

Unloading 5 unused Assets to reduce memory usage. Loaded Objects now: 1750.
Total: 1.816100 ms (FindLiveObjects: 0.276300 ms CreateObjectMapping: 0.035000 ms MarkObjects: 1.416900 ms  DeleteObjects: 0.087400 ms)

========================================================================
Received Import Request.
  Time since last request: 135.479415 seconds.
  path: Assets/Scripts/ChestGroupTrigger.cs
  artifactKey: Guid(51567d22ab8dae544ac5afef25747e51) Importer(815301076,1909f56bfc062723c751e8b465ee728b)
Start importing Assets/Scripts/ChestGroupTrigger.cs using Guid(51567d22ab8dae544ac5afef25747e51) Importer(815301076,1909f56bfc062723c751e8b465ee728b)  -> (artifact id: '5ab364ce87a2aa1612eb6b7b18ff2698') in 0.008659 seconds
  Import took 0.011851 seconds .

========================================================================
Received Import Request.
  Time since last request: 12.174707 seconds.
  path: Assets/Scripts/GeneralTrigger.cs
  artifactKey: Guid(95b0ecd4aa3f3b14ea26ab94a047cfef) Importer(815301076,1909f56bfc062723c751e8b465ee728b)
Start importing Assets/Scripts/GeneralTrigger.cs using Guid(95b0ecd4aa3f3b14ea26ab94a047cfef) Importer(815301076,1909f56bfc062723c751e8b465ee728b)  -> (artifact id: 'b2fdccf92c918f0f579dd80b3b5a9080') in 0.011693 seconds
  Import took 0.015465 seconds .

========================================================================
Received Prepare
Registering precompiled user dll's ...
Registered in 0.001905 seconds.
Begin MonoManager ReloadAssembly
Native extension for WindowsStandalone target not found
Refreshing native plugins compatible for Editor in 0.34 ms, found 0 plugins.
Preloading 0 native plugins for Editor in 0.00 ms.
Mono: successfully reloaded assembly
- Completed reload, in  1.020 seconds
Platform modules already initialized, skipping
Refreshing native plugins compatible for Editor in 0.23 ms, found 0 plugins.
Preloading 0 native plugins for Editor in 0.00 ms.
Unloading 1133 Unused Serialized files (Serialized files now loaded: 0)
System memory in use before: 76.1 MB.
System memory in use after: 76.1 MB.

Unloading 5 unused Assets to reduce memory usage. Loaded Objects now: 1754.
Total: 1.728200 ms (FindLiveObjects: 0.244300 ms CreateObjectMapping: 0.038500 ms MarkObjects: 1.375400 ms  DeleteObjects: 0.069200 ms)

========================================================================
Received Prepare
Registering precompiled user dll's ...
Registered in 0.001964 seconds.
Begin MonoManager ReloadAssembly
Native extension for WindowsStandalone target not found
Refreshing native plugins compatible for Editor in 0.22 ms, found 0 plugins.
Preloading 0 native plugins for Editor in 0.00 ms.
Mono: successfully reloaded assembly
- Completed reload, in  0.938 seconds
Platform modules already initialized, skipping
Refreshing native plugins compatible for Editor in 0.32 ms, found 0 plugins.
Preloading 0 native plugins for Editor in 0.00 ms.
Unloading 1133 Unused Serialized files (Serialized files now loaded: 0)
System memory in use before: 76.1 MB.
System memory in use after: 76.2 MB.

Unloading 5 unused Assets to reduce memory usage. Loaded Objects now: 1757.
Total: 2.155000 ms (FindLiveObjects: 0.178800 ms CreateObjectMapping: 0.077900 ms MarkObjects: 1.818100 ms  DeleteObjects: 0.079200 ms)

========================================================================
Received Import Request.
  Time since last request: 53.072207 seconds.
  path: Assets/Scripts/GeneralTrigger.cs
  artifactKey: Guid(95b0ecd4aa3f3b14ea26ab94a047cfef) Importer(815301076,1909f56bfc062723c751e8b465ee728b)
Start importing Assets/Scripts/GeneralTrigger.cs using Guid(95b0ecd4aa3f3b14ea26ab94a047cfef) Importer(815301076,1909f56bfc062723c751e8b465ee728b)  -> (artifact id: '91071522000e8c487da2d1dd8c928f97') in 0.005681 seconds
  Import took 0.008659 seconds .

========================================================================
Received Prepare
Registering precompiled user dll's ...
Registered in 0.001808 seconds.
Begin MonoManager ReloadAssembly
Native extension for WindowsStandalone target not found
Refreshing native plugins compatible for Editor in 0.21 ms, found 0 plugins.
Preloading 0 native plugins for Editor in 0.00 ms.
Mono: successfully reloaded assembly
- Completed reload, in  0.927 seconds
Platform modules already initialized, skipping
Refreshing native plugins compatible for Editor in 0.25 ms, found 0 plugins.
Preloading 0 native plugins for Editor in 0.00 ms.
Unloading 1133 Unused Serialized files (Serialized files now loaded: 0)
System memory in use before: 76.1 MB.
System memory in use after: 76.2 MB.

Unloading 5 unused Assets to reduce memory usage. Loaded Objects now: 1760.
Total: 2.556900 ms (FindLiveObjects: 0.224000 ms CreateObjectMapping: 0.081300 ms MarkObjects: 2.183800 ms  DeleteObjects: 0.066500 ms)

========================================================================
Received Import Request.
  Time since last request: 147.628628 seconds.
  path: Assets/Prefabs/ChestGroup.prefab
  artifactKey: Guid(45f1b96bf425c064eb7bb363aef9a9dc) Importer(815301076,1909f56bfc062723c751e8b465ee728b)
Start importing Assets/Prefabs/ChestGroup.prefab using Guid(45f1b96bf425c064eb7bb363aef9a9dc) Importer(815301076,1909f56bfc062723c751e8b465ee728b)  -> (artifact id: '6d8a82d98b6cb7554c3724aa94557631') in 0.064705 seconds
  Import took 0.067391 seconds .

========================================================================
Received Import Request.
  Time since last request: 0.010289 seconds.
  path: Assets/Prefabs/ChestGroup.prefab
  artifactKey: Guid(45f1b96bf425c064eb7bb363aef9a9dc) Importer(815301076,1909f56bfc062723c751e8b465ee728b)
Start importing Assets/Prefabs/ChestGroup.prefab using Guid(45f1b96bf425c064eb7bb363aef9a9dc) Importer(815301076,1909f56bfc062723c751e8b465ee728b)  -> (artifact id: '6d8a82d98b6cb7554c3724aa94557631') in 0.017943 seconds
  Import took 0.020420 seconds .

========================================================================
Received Prepare
Registering precompiled user dll's ...
Registered in 0.001192 seconds.
Begin MonoManager ReloadAssembly
Native extension for WindowsStandalone target not found
Refreshing native plugins compatible for Editor in 0.21 ms, found 0 plugins.
Preloading 0 native plugins for Editor in 0.00 ms.
Mono: successfully reloaded assembly
- Completed reload, in  0.938 seconds
Platform modules already initialized, skipping
Refreshing native plugins compatible for Editor in 0.22 ms, found 0 plugins.
Preloading 0 native plugins for Editor in 0.00 ms.
Unloading 1133 Unused Serialized files (Serialized files now loaded: 0)
System memory in use before: 76.1 MB.
System memory in use after: 76.2 MB.

Unloading 5 unused Assets to reduce memory usage. Loaded Objects now: 1764.
Total: 1.691300 ms (FindLiveObjects: 0.153200 ms CreateObjectMapping: 0.034700 ms MarkObjects: 1.405900 ms  DeleteObjects: 0.096800 ms)

========================================================================
Received Prepare
Registering precompiled user dll's ...
Registered in 0.001278 seconds.
Begin MonoManager ReloadAssembly
Native extension for WindowsStandalone target not found
Refreshing native plugins compatible for Editor in 0.22 ms, found 0 plugins.
Preloading 0 native plugins for Editor in 0.00 ms.
Mono: successfully reloaded assembly
- Completed reload, in  0.937 seconds
Platform modules already initialized, skipping
Refreshing native plugins compatible for Editor in 0.27 ms, found 0 plugins.
Preloading 0 native plugins for Editor in 0.00 ms.
Unloading 1133 Unused Serialized files (Serialized files now loaded: 0)
System memory in use before: 76.1 MB.
System memory in use after: 76.2 MB.

Unloading 5 unused Assets to reduce memory usage. Loaded Objects now: 1767.
Total: 1.976400 ms (FindLiveObjects: 0.229800 ms CreateObjectMapping: 0.079300 ms MarkObjects: 1.608000 ms  DeleteObjects: 0.057600 ms)

========================================================================
Received Prepare
Registering precompiled user dll's ...
Registered in 0.001226 seconds.
Begin MonoManager ReloadAssembly
Native extension for WindowsStandalone target not found
Refreshing native plugins compatible for Editor in 0.21 ms, found 0 plugins.
Preloading 0 native plugins for Editor in 0.00 ms.
Mono: successfully reloaded assembly
- Completed reload, in  0.881 seconds
Platform modules already initialized, skipping
Refreshing native plugins compatible for Editor in 0.27 ms, found 0 plugins.
Preloading 0 native plugins for Editor in 0.00 ms.
Unloading 1133 Unused Serialized files (Serialized files now loaded: 0)
System memory in use before: 76.1 MB.
System memory in use after: 76.2 MB.

Unloading 5 unused Assets to reduce memory usage. Loaded Objects now: 1770.
Total: 1.705600 ms (FindLiveObjects: 0.161400 ms CreateObjectMapping: 0.046600 ms MarkObjects: 1.419800 ms  DeleteObjects: 0.076800 ms)

========================================================================
Received Prepare
Registering precompiled user dll's ...
Registered in 0.001201 seconds.
Begin MonoManager ReloadAssembly
Native extension for WindowsStandalone target not found
Refreshing native plugins compatible for Editor in 0.27 ms, found 0 plugins.
Preloading 0 native plugins for Editor in 0.00 ms.
Mono: successfully reloaded assembly
- Completed reload, in  0.960 seconds
Platform modules already initialized, skipping
Refreshing native plugins compatible for Editor in 0.29 ms, found 0 plugins.
Preloading 0 native plugins for Editor in 0.00 ms.
Unloading 1133 Unused Serialized files (Serialized files now loaded: 0)
System memory in use before: 76.1 MB.
System memory in use after: 76.2 MB.

Unloading 5 unused Assets to reduce memory usage. Loaded Objects now: 1773.
Total: 2.007900 ms (FindLiveObjects: 0.177200 ms CreateObjectMapping: 0.077300 ms MarkObjects: 1.629800 ms  DeleteObjects: 0.122800 ms)

========================================================================
Received Prepare
Registering precompiled user dll's ...
Registered in 0.001890 seconds.
Begin MonoManager ReloadAssembly
Native extension for WindowsStandalone target not found
Refreshing native plugins compatible for Editor in 0.22 ms, found 0 plugins.
Preloading 0 native plugins for Editor in 0.00 ms.
Mono: successfully reloaded assembly
- Completed reload, in  0.914 seconds
Platform modules already initialized, skipping
Refreshing native plugins compatible for Editor in 0.21 ms, found 0 plugins.
Preloading 0 native plugins for Editor in 0.00 ms.
Unloading 1133 Unused Serialized files (Serialized files now loaded: 0)
System memory in use before: 76.1 MB.
System memory in use after: 76.2 MB.

Unloading 5 unused Assets to reduce memory usage. Loaded Objects now: 1776.
Total: 1.840300 ms (FindLiveObjects: 0.132000 ms CreateObjectMapping: 0.037300 ms MarkObjects: 1.587100 ms  DeleteObjects: 0.083200 ms)

========================================================================
Received Prepare
Registering precompiled user dll's ...
Registered in 0.001853 seconds.
Begin MonoManager ReloadAssembly
Native extension for WindowsStandalone target not found
Refreshing native plugins compatible for Editor in 0.22 ms, found 0 plugins.
Preloading 0 native plugins for Editor in 0.00 ms.
Mono: successfully reloaded assembly
- Completed reload, in  0.917 seconds
Platform modules already initialized, skipping
Refreshing native plugins compatible for Editor in 0.21 ms, found 0 plugins.
Preloading 0 native plugins for Editor in 0.00 ms.
Unloading 1133 Unused Serialized files (Serialized files now loaded: 0)
System memory in use before: 76.1 MB.
System memory in use after: 76.2 MB.

Unloading 5 unused Assets to reduce memory usage. Loaded Objects now: 1779.
Total: 2.035600 ms (FindLiveObjects: 0.207100 ms CreateObjectMapping: 0.049500 ms MarkObjects: 1.703100 ms  DeleteObjects: 0.074900 ms)

========================================================================
Received Prepare
Registering precompiled user dll's ...
Registered in 0.001229 seconds.
Begin MonoManager ReloadAssembly
Native extension for WindowsStandalone target not found
Refreshing native plugins compatible for Editor in 0.25 ms, found 0 plugins.
Preloading 0 native plugins for Editor in 0.00 ms.
Mono: successfully reloaded assembly
- Completed reload, in  0.952 seconds
Platform modules already initialized, skipping
Refreshing native plugins compatible for Editor in 0.26 ms, found 0 plugins.
Preloading 0 native plugins for Editor in 0.00 ms.
Unloading 1133 Unused Serialized files (Serialized files now loaded: 0)
System memory in use before: 76.1 MB.
System memory in use after: 76.2 MB.

Unloading 5 unused Assets to reduce memory usage. Loaded Objects now: 1782.
Total: 1.476100 ms (FindLiveObjects: 0.145100 ms CreateObjectMapping: 0.036800 ms MarkObjects: 1.242800 ms  DeleteObjects: 0.050500 ms)

========================================================================
Received Prepare
Registering precompiled user dll's ...
Registered in 0.001226 seconds.
Begin MonoManager ReloadAssembly
Native extension for WindowsStandalone target not found
Refreshing native plugins compatible for Editor in 0.22 ms, found 0 plugins.
Preloading 0 native plugins for Editor in 0.00 ms.
Mono: successfully reloaded assembly
- Completed reload, in  0.923 seconds
Platform modules already initialized, skipping
Refreshing native plugins compatible for Editor in 0.26 ms, found 0 plugins.
Preloading 0 native plugins for Editor in 0.00 ms.
Unloading 1133 Unused Serialized files (Serialized files now loaded: 0)
System memory in use before: 76.1 MB.
System memory in use after: 76.2 MB.

Unloading 5 unused Assets to reduce memory usage. Loaded Objects now: 1785.
Total: 2.367600 ms (FindLiveObjects: 0.185200 ms CreateObjectMapping: 0.078500 ms MarkObjects: 2.041900 ms  DeleteObjects: 0.061200 ms)

========================================================================
Received Import Request.
  Time since last request: 659.891888 seconds.
  path: Assets/Prefabs/ChestGroup.prefab
  artifactKey: Guid(45f1b96bf425c064eb7bb363aef9a9dc) Importer(815301076,1909f56bfc062723c751e8b465ee728b)
Start importing Assets/Prefabs/ChestGroup.prefab using Guid(45f1b96bf425c064eb7bb363aef9a9dc) Importer(815301076,1909f56bfc062723c751e8b465ee728b)  -> (artifact id: 'b03408969e5cd2b009501dc668c3579d') in 0.084548 seconds
  Import took 0.092409 seconds .

========================================================================
Received Prepare
Registering precompiled user dll's ...
Registered in 0.001212 seconds.
Begin MonoManager ReloadAssembly
Native extension for WindowsStandalone target not found
Refreshing native plugins compatible for Editor in 0.33 ms, found 0 plugins.
Preloading 0 native plugins for Editor in 0.00 ms.
Mono: successfully reloaded assembly
- Completed reload, in  0.918 seconds
Platform modules already initialized, skipping
Refreshing native plugins compatible for Editor in 0.22 ms, found 0 plugins.
Preloading 0 native plugins for Editor in 0.00 ms.
Unloading 1133 Unused Serialized files (Serialized files now loaded: 0)
System memory in use before: 76.2 MB.
System memory in use after: 76.3 MB.

Unloading 5 unused Assets to reduce memory usage. Loaded Objects now: 1789.
Total: 1.674700 ms (FindLiveObjects: 0.160300 ms CreateObjectMapping: 0.059000 ms MarkObjects: 1.374600 ms  DeleteObjects: 0.079900 ms)

========================================================================
Received Prepare
Registering precompiled user dll's ...
Registered in 0.001647 seconds.
Begin MonoManager ReloadAssembly
Native extension for WindowsStandalone target not found
Refreshing native plugins compatible for Editor in 0.21 ms, found 0 plugins.
Preloading 0 native plugins for Editor in 0.00 ms.
Mono: successfully reloaded assembly
- Completed reload, in  0.893 seconds
Platform modules already initialized, skipping
Refreshing native plugins compatible for Editor in 0.22 ms, found 0 plugins.
Preloading 0 native plugins for Editor in 0.00 ms.
Unloading 1133 Unused Serialized files (Serialized files now loaded: 0)
System memory in use before: 76.2 MB.
System memory in use after: 76.3 MB.

Unloading 5 unused Assets to reduce memory usage. Loaded Objects now: 1792.
Total: 2.351400 ms (FindLiveObjects: 0.204000 ms CreateObjectMapping: 0.095100 ms MarkObjects: 1.980800 ms  DeleteObjects: 0.070300 ms)

========================================================================
Received Prepare
Registering precompiled user dll's ...
Registered in 0.001174 seconds.
Begin MonoManager ReloadAssembly
Native extension for WindowsStandalone target not found
Refreshing native plugins compatible for Editor in 0.29 ms, found 0 plugins.
Preloading 0 native plugins for Editor in 0.00 ms.
Mono: successfully reloaded assembly
- Completed reload, in  0.898 seconds
Platform modules already initialized, skipping
Refreshing native plugins compatible for Editor in 0.23 ms, found 0 plugins.
Preloading 0 native plugins for Editor in 0.00 ms.
Unloading 1133 Unused Serialized files (Serialized files now loaded: 0)
System memory in use before: 76.2 MB.
System memory in use after: 76.3 MB.

Unloading 5 unused Assets to reduce memory usage. Loaded Objects now: 1795.
Total: 2.385900 ms (FindLiveObjects: 0.233400 ms CreateObjectMapping: 0.074800 ms MarkObjects: 2.001500 ms  DeleteObjects: 0.075000 ms)

========================================================================
Received Import Request.
  Time since last request: 429.353611 seconds.
  path: Assets/Resources/ChestGroup/Portrait_Back_Gray.png
  artifactKey: Guid(24facac212867a64c959020f0c5c6c0d) Importer(815301076,1909f56bfc062723c751e8b465ee728b)
Start importing Assets/Resources/ChestGroup/Portrait_Back_Gray.png using Guid(24facac212867a64c959020f0c5c6c0d) Importer(815301076,1909f56bfc062723c751e8b465ee728b)  -> (artifact id: 'f75417beff6d19436f27d25b65cd1ef5') in 0.093833 seconds
  Import took 0.096391 seconds .

========================================================================
Received Import Request.
  Time since last request: 5.959287 seconds.
  path: Assets/Resources/ChestGroup/Portrait_Back_Gray.png
  artifactKey: Guid(24facac212867a64c959020f0c5c6c0d) Importer(815301076,1909f56bfc062723c751e8b465ee728b)
Start importing Assets/Resources/ChestGroup/Portrait_Back_Gray.png using Guid(24facac212867a64c959020f0c5c6c0d) Importer(815301076,1909f56bfc062723c751e8b465ee728b)  -> (artifact id: '74aa097679a90f9001cedbe0e46343e2') in 0.046470 seconds
  Import took 0.050509 seconds .

========================================================================
Received Prepare
Registering precompiled user dll's ...
Registered in 0.001426 seconds.
Begin MonoManager ReloadAssembly
Native extension for WindowsStandalone target not found
Refreshing native plugins compatible for Editor in 0.22 ms, found 0 plugins.
Preloading 0 native plugins for Editor in 0.00 ms.
Mono: successfully reloaded assembly
- Completed reload, in  0.914 seconds
Platform modules already initialized, skipping
Refreshing native plugins compatible for Editor in 0.26 ms, found 0 plugins.
Preloading 0 native plugins for Editor in 0.00 ms.
Unloading 1133 Unused Serialized files (Serialized files now loaded: 0)
System memory in use before: 76.3 MB.
System memory in use after: 76.3 MB.

Unloading 5 unused Assets to reduce memory usage. Loaded Objects now: 1801.
Total: 2.007100 ms (FindLiveObjects: 0.190400 ms CreateObjectMapping: 0.086900 ms MarkObjects: 1.671000 ms  DeleteObjects: 0.058000 ms)

========================================================================
Received Import Request.
  Time since last request: 44.002199 seconds.
  path: Assets/Resources/ChestGroup/Portrait_Back_Blue.png
  artifactKey: Guid(42e5acf469256fb4d9041f8b1516b986) Importer(815301076,1909f56bfc062723c751e8b465ee728b)
Start importing Assets/Resources/ChestGroup/Portrait_Back_Blue.png using Guid(42e5acf469256fb4d9041f8b1516b986) Importer(815301076,1909f56bfc062723c751e8b465ee728b)  -> (artifact id: '3efb61049fae5dd19d57b4cd53a34c50') in 0.044056 seconds
  Import took 0.046524 seconds .

========================================================================
Received Import Request.
  Time since last request: 0.005481 seconds.
  path: Assets/Resources/ChestGroup/Portrait_Back_Blue.png
  artifactKey: Guid(42e5acf469256fb4d9041f8b1516b986) Importer(815301076,1909f56bfc062723c751e8b465ee728b)
Start importing Assets/Resources/ChestGroup/Portrait_Back_Blue.png using Guid(42e5acf469256fb4d9041f8b1516b986) Importer(815301076,1909f56bfc062723c751e8b465ee728b)  -> (artifact id: '3efb61049fae5dd19d57b4cd53a34c50') in 0.011244 seconds
  Import took 0.014064 seconds .

========================================================================
Received Import Request.
  Time since last request: 0.346966 seconds.
  path: Assets/Resources/ChestGroup/Portrait_Back_Green.png
  artifactKey: Guid(077b160ad89873d44a0a4340822eeac2) Importer(815301076,1909f56bfc062723c751e8b465ee728b)
Start importing Assets/Resources/ChestGroup/Portrait_Back_Green.png using Guid(077b160ad89873d44a0a4340822eeac2) Importer(815301076,1909f56bfc062723c751e8b465ee728b)  -> (artifact id: 'c059714a56a6ccfcccf5b7d6468e3613') in 0.013072 seconds
  Import took 0.015337 seconds .

========================================================================
Received Import Request.
  Time since last request: 0.005610 seconds.
  path: Assets/Resources/ChestGroup/Portrait_Back_Green.png
  artifactKey: Guid(077b160ad89873d44a0a4340822eeac2) Importer(815301076,1909f56bfc062723c751e8b465ee728b)
Start importing Assets/Resources/ChestGroup/Portrait_Back_Green.png using Guid(077b160ad89873d44a0a4340822eeac2) Importer(815301076,1909f56bfc062723c751e8b465ee728b)  -> (artifact id: 'c059714a56a6ccfcccf5b7d6468e3613') in 0.014792 seconds
  Import took 0.017059 seconds .

========================================================================
Received Import Request.
  Time since last request: 4.704542 seconds.
  path: Assets/Resources/ChestGroup/Portrait_Back_Green.png
  artifactKey: Guid(077b160ad89873d44a0a4340822eeac2) Importer(815301076,1909f56bfc062723c751e8b465ee728b)
Start importing Assets/Resources/ChestGroup/Portrait_Back_Green.png using Guid(077b160ad89873d44a0a4340822eeac2) Importer(815301076,1909f56bfc062723c751e8b465ee728b)  -> (artifact id: '901e6e2b31c22a7767ab8bad6140ce01') in 0.129950 seconds
  Import took 0.134140 seconds .

========================================================================
Received Prepare
Registering precompiled user dll's ...
Registered in 0.001416 seconds.
Begin MonoManager ReloadAssembly
Native extension for WindowsStandalone target not found
Refreshing native plugins compatible for Editor in 0.22 ms, found 0 plugins.
Preloading 0 native plugins for Editor in 0.00 ms.
Mono: successfully reloaded assembly
- Completed reload, in  0.876 seconds
Platform modules already initialized, skipping
Refreshing native plugins compatible for Editor in 0.25 ms, found 0 plugins.
Preloading 0 native plugins for Editor in 0.00 ms.
Unloading 1133 Unused Serialized files (Serialized files now loaded: 0)
System memory in use before: 76.3 MB.
System memory in use after: 76.3 MB.

Unloading 5 unused Assets to reduce memory usage. Loaded Objects now: 1805.
Total: 1.898600 ms (FindLiveObjects: 0.159700 ms CreateObjectMapping: 0.036300 ms MarkObjects: 1.639600 ms  DeleteObjects: 0.062200 ms)

AssetImportWorkerClient::OnTransportError - code=2 error=End of file
